d:\workspace\computergraphic\ss3\ss3_prj\computergraphicss3\computergraphicss3\x64\debug\vc141.pdb
d:\workspace\computergraphic\ss3\ss3_prj\computergraphicss3\computergraphicss3\x64\debug\vc141.idb
d:\workspace\computergraphic\ss3\ss3_prj\computergraphicss3\computergraphicss3\x64\debug\textureloader.obj
d:\workspace\computergraphic\ss3\ss3_prj\computergraphicss3\computergraphicss3\x64\debug\texture.obj
d:\workspace\computergraphic\ss3\ss3_prj\computergraphicss3\computergraphicss3\x64\debug\screen.obj
d:\workspace\computergraphic\ss3\ss3_prj\computergraphicss3\computergraphicss3\x64\debug\quadmesh2d.obj
d:\workspace\computergraphic\ss3\ss3_prj\computergraphicss3\computergraphicss3\x64\debug\page.obj
d:\workspace\computergraphic\ss3\ss3_prj\computergraphicss3\computergraphicss3\x64\debug\node2d.obj
d:\workspace\computergraphic\ss3\ss3_prj\computergraphicss3\computergraphicss3\x64\debug\meshloader.obj
d:\workspace\computergraphic\ss3\ss3_prj\computergraphicss3\computergraphicss3\x64\debug\mesh.obj
d:\workspace\computergraphic\ss3\ss3_prj\computergraphicss3\computergraphicss3\x64\debug\material.obj
d:\workspace\computergraphic\ss3\ss3_prj\computergraphicss3\computergraphicss3\x64\debug\image.obj
d:\workspace\computergraphic\ss3\ss3_prj\computergraphicss3\computergraphicss3\x64\debug\computergraphicss3.obj
d:\workspace\computergraphic\ss3\ss3_prj\computergraphicss3\x64\debug\computergraphicss3.exe
d:\workspace\computergraphic\ss3\ss3_prj\computergraphicss3\x64\debug\computergraphicss3.ilk
d:\workspace\computergraphic\ss3\ss3_prj\computergraphicss3\x64\debug\computergraphicss3.pdb
d:\workspace\computergraphic\ss3\ss3_prj\computergraphicss3\computergraphicss3\x64\debug\computer.fea4241a.tlog\cl.command.1.tlog
d:\workspace\computergraphic\ss3\ss3_prj\computergraphicss3\computergraphicss3\x64\debug\computer.fea4241a.tlog\cl.read.1.tlog
d:\workspace\computergraphic\ss3\ss3_prj\computergraphicss3\computergraphicss3\x64\debug\computer.fea4241a.tlog\cl.write.1.tlog
d:\workspace\computergraphic\ss3\ss3_prj\computergraphicss3\computergraphicss3\x64\debug\computer.fea4241a.tlog\link.command.1.tlog
d:\workspace\computergraphic\ss3\ss3_prj\computergraphicss3\computergraphicss3\x64\debug\computer.fea4241a.tlog\link.read.1.tlog
d:\workspace\computergraphic\ss3\ss3_prj\computergraphicss3\computergraphicss3\x64\debug\computer.fea4241a.tlog\link.write.1.tlog
