d:\workspace\computergraphic\ss3\libs\glfw-3.3.2\prj\src\glfw.dir\debug\glfw.pdb
d:\workspace\computergraphic\ss3\libs\glfw-3.3.2\prj\src\glfw.dir\debug\osmesa_context.obj
d:\workspace\computergraphic\ss3\libs\glfw-3.3.2\prj\src\glfw.dir\debug\egl_context.obj
d:\workspace\computergraphic\ss3\libs\glfw-3.3.2\prj\src\glfw.dir\debug\wgl_context.obj
d:\workspace\computergraphic\ss3\libs\glfw-3.3.2\prj\src\glfw.dir\debug\win32_window.obj
d:\workspace\computergraphic\ss3\libs\glfw-3.3.2\prj\src\glfw.dir\debug\win32_thread.obj
d:\workspace\computergraphic\ss3\libs\glfw-3.3.2\prj\src\glfw.dir\debug\win32_time.obj
d:\workspace\computergraphic\ss3\libs\glfw-3.3.2\prj\src\glfw.dir\debug\win32_monitor.obj
d:\workspace\computergraphic\ss3\libs\glfw-3.3.2\prj\src\glfw.dir\debug\win32_joystick.obj
d:\workspace\computergraphic\ss3\libs\glfw-3.3.2\prj\src\glfw.dir\debug\win32_init.obj
d:\workspace\computergraphic\ss3\libs\glfw-3.3.2\prj\src\glfw.dir\debug\window.obj
d:\workspace\computergraphic\ss3\libs\glfw-3.3.2\prj\src\glfw.dir\debug\vulkan.obj
d:\workspace\computergraphic\ss3\libs\glfw-3.3.2\prj\src\glfw.dir\debug\monitor.obj
d:\workspace\computergraphic\ss3\libs\glfw-3.3.2\prj\src\glfw.dir\debug\input.obj
d:\workspace\computergraphic\ss3\libs\glfw-3.3.2\prj\src\glfw.dir\debug\init.obj
d:\workspace\computergraphic\ss3\libs\glfw-3.3.2\prj\src\glfw.dir\debug\context.obj
d:\workspace\computergraphic\ss3\libs\glfw-3.3.2\prj\src\cmakefiles\generate.stamp
d:\workspace\computergraphic\ss3\ss3_prj\computergraphicss3\x64\debug\glfw3.lib
d:\workspace\computergraphic\ss3\libs\glfw-3.3.2\prj\src\glfw.dir\debug\glfw.tlog\cl.command.1.tlog
d:\workspace\computergraphic\ss3\libs\glfw-3.3.2\prj\src\glfw.dir\debug\glfw.tlog\cl.read.1.tlog
d:\workspace\computergraphic\ss3\libs\glfw-3.3.2\prj\src\glfw.dir\debug\glfw.tlog\cl.write.1.tlog
d:\workspace\computergraphic\ss3\libs\glfw-3.3.2\prj\src\glfw.dir\debug\glfw.tlog\custombuild.command.1.tlog
d:\workspace\computergraphic\ss3\libs\glfw-3.3.2\prj\src\glfw.dir\debug\glfw.tlog\custombuild.read.1.tlog
d:\workspace\computergraphic\ss3\libs\glfw-3.3.2\prj\src\glfw.dir\debug\glfw.tlog\custombuild.write.1.tlog
d:\workspace\computergraphic\ss3\libs\glfw-3.3.2\prj\src\glfw.dir\debug\glfw.tlog\lib-link.write.1.tlog
d:\workspace\computergraphic\ss3\libs\glfw-3.3.2\prj\src\glfw.dir\debug\glfw.tlog\lib.command.1.tlog
d:\workspace\computergraphic\ss3\libs\glfw-3.3.2\prj\src\glfw.dir\debug\glfw.tlog\lib.read.1.tlog
